app/build/outputs/logs/manifest-merger-debug-report.txt
-- Merging decision tree log ---
manifest
ADDED from src\main\AndroidManifest.xml:2:1-71:12
INJECTED from src\main\AndroidManifest.xml:2:1-71:12
INJECTED from src\main\AndroidManifest.xml:2:1-71:12
INJECTED from src\main\AndroidManifest.xml:2:1-71:12
INJECTED from src\main\AndroidManifest.xml:2:1-71:12
INJECTED from src\main\AndroidManifest.xml:2:1-71:12
INJECTED from src\main\AndroidManifest.xml:2:1-71:12
	package
		ADDED from src\main\AndroidManifest.xml:3:7-57
		INJECTED from src\main\AndroidManifest.xml
		INJECTED from src\main\AndroidManifest.xml
	android:versionName
		ADDED from src\main\AndroidManifest.xml:5:7-34
		INJECTED from src\main\AndroidManifest.xml
		INJECTED from src\main\AndroidManifest.xml
	xmlns:android
		ADDED from src\main\AndroidManifest.xml:2:11-69
	android:versionCode
		ADDED from src\main\AndroidManifest.xml:4:7-30
		INJECTED from src\main\AndroidManifest.xml
		INJECTED from src\main\AndroidManifest.xml
uses-sdk
ADDED from src\main\AndroidManifest.xml:6:5-74
INJECTED from src\main\AndroidManifest.xml:6:5-74
INJECTED from src\main\AndroidManifest.xml:6:5-74
INJECTED from src\main\AndroidManifest.xml:6:5-74
INJECTED from src\main\AndroidManifest.xml:6:5-74
	android:targetSdkVersion
		ADDED from src\main\AndroidManifest.xml:6:42-71
		INJECTED from src\main\AndroidManifest.xml
		INJECTED from src\main\AndroidManifest.xml
	android:minSdkVersion
		ADDED from src\main\AndroidManifest.xml:6:15-41
		INJECTED from src\main\AndroidManifest.xml
		INJECTED from src\main\AndroidManifest.xml
uses-permission#android.permission.CAMERA
ADDED from src\main\AndroidManifest.xml:7:5-65
	android:name
		ADDED from src\main\AndroidManifest.xml:7:22-62
uses-permission#android.permission.INTERNET
ADDED from src\main\AndroidManifest.xml:8:5-67
	android:name
		ADDED from src\main\AndroidManifest.xml:8:22-64
uses-permission#android.permission.READ_EXTERNAL_STORAGE
ADDED from src\main\AndroidManifest.xml:9:5-80
	android:name
		ADDED from src\main\AndroidManifest.xml:9:22-77
application
ADDED from src\main\AndroidManifest.xml:10:5-70:19
	android:label
		ADDED from src\main\AndroidManifest.xml:10:59-91
	android:icon
		ADDED from src\main\AndroidManifest.xml:10:18-58
	android:allowBackup
		ADDED from src\main\AndroidManifest.xml:10:92-118
activity#com.digitalpersona.uareu.UareUSampleJava.UareUSampleJava
ADDED from src\main\AndroidManifest.xml:11:9-20:20
	android:label
		ADDED from src\main\AndroidManifest.xml:13:19-51
	android:exported
		ADDED from src\main\AndroidManifest.xml:12:19-42
	android:configChanges
		ADDED from src\main\AndroidManifest.xml:14:19-80
	android:name
		ADDED from src\main\AndroidManifest.xml:11:19-90
intent-filter#action:name:android.intent.action.MAIN+category:name:android.intent.category.LAUNCHER
ADDED from src\main\AndroidManifest.xml:15:13-18:29
action#android.intent.action.MAIN
ADDED from src\main\AndroidManifest.xml:16:17-69
	android:name
		ADDED from src\main\AndroidManifest.xml:16:25-66
category#android.intent.category.LAUNCHER
ADDED from src\main\AndroidManifest.xml:17:17-77
	android:name
		ADDED from src\main\AndroidManifest.xml:17:27-74
activity#com.digitalpersona.uareu.UareUSampleJava.GetReaderActivity
ADDED from src\main\AndroidManifest.xml:21:9-27:20
	android:label
		ADDED from src\main\AndroidManifest.xml:22:19-51
	android:configChanges
		ADDED from src\main\AndroidManifest.xml:23:19-80
	android:name
		ADDED from src\main\AndroidManifest.xml:21:19-92
intent-filter#category:name:android.intent.category.LAUNCHER
ADDED from src\main\AndroidManifest.xml:24:13-26:29
activity#com.digitalpersona.uareu.UareUSampleJava.GetCapabilitiesActivity
ADDED from src\main\AndroidManifest.xml:28:9-34:20
	android:label
		ADDED from src\main\AndroidManifest.xml:29:19-51
	android:configChanges
		ADDED from src\main\AndroidManifest.xml:30:19-80
	android:name
		ADDED from src\main\AndroidManifest.xml:28:19-98
activity#com.digitalpersona.uareu.UareUSampleJava.CaptureFingerprintActivity
ADDED from src\main\AndroidManifest.xml:35:9-41:20
	android:label
		ADDED from src\main\AndroidManifest.xml:36:19-51
	android:configChanges
		ADDED from src\main\AndroidManifest.xml:37:19-80
	android:name
		ADDED from src\main\AndroidManifest.xml:35:19-101
activity#com.digitalpersona.uareu.UareUSampleJava.StreamImageActivity
ADDED from src\main\AndroidManifest.xml:42:9-48:20
	android:label
		ADDED from src\main\AndroidManifest.xml:43:19-51
	android:configChanges
		ADDED from src\main\AndroidManifest.xml:44:19-80
	android:name
		ADDED from src\main\AndroidManifest.xml:42:19-94
activity#com.digitalpersona.uareu.UareUSampleJava.EnrollmentActivity
ADDED from src\main\AndroidManifest.xml:49:9-55:20
	android:label
		ADDED from src\main\AndroidManifest.xml:50:19-51
	android:configChanges
		ADDED from src\main\AndroidManifest.xml:51:19-80
	android:name
		ADDED from src\main\AndroidManifest.xml:49:19-93
activity#com.digitalpersona.uareu.UareUSampleJava.VerificationActivity
ADDED from src\main\AndroidManifest.xml:56:9-62:20
	android:label
		ADDED from src\main\AndroidManifest.xml:57:19-51
	android:configChanges
		ADDED from src\main\AndroidManifest.xml:58:19-80
	android:name
		ADDED from src\main\AndroidManifest.xml:56:19-95
activity#com.digitalpersona.uareu.UareUSampleJava.IdentificationActivity
ADDED from src\main\AndroidManifest.xml:63:9-69:20
	android:label
		ADDED from src\main\AndroidManifest.xml:64:19-51
	android:configChanges
		ADDED from src\main\AndroidManifest.xml:65:19-80
	android:name
		ADDED from src\main\AndroidManifest.xml:63:19-97